\BOOKMARK [0][-]{chapter.1}{\376\377\000T\000h\000e\000\040\000F\000i\000r\000s\000t\000\040\000L\000a\000w\000\040\000o\000f\000\040\000T\000h\000e\000r\000m\000o\000d\000y\000n\000a\000m\000i\000c\000s}{}% 1
\BOOKMARK [1][-]{section.1.1}{\376\377\000D\000e\000f\000i\000n\000i\000t\000i\000o\000n\000s}{chapter.1}% 2
\BOOKMARK [1][-]{section.1.2}{\376\377\000F\000u\000n\000c\000t\000i\000o\000n\000s\000\040\000o\000f\000\040\000S\000t\000a\000t\000e}{chapter.1}% 3
\BOOKMARK [2][-]{subsection.1.2.1}{\376\377\000M\000a\000t\000h\000e\000m\000a\000t\000i\000c\000a\000l\000\040\000P\000r\000o\000p\000e\000r\000t\000i\000e\000s\000\040\000o\000f\000\040\000F\000u\000n\000c\000t\000i\000o\000n\000s\000\040\000o\000f\000\040\000S\000t\000a\000t\000e\000s}{section.1.2}% 4
\BOOKMARK [1][-]{section.1.3}{\376\377\000I\000n\000t\000e\000r\000n\000a\000l\000\040\000E\000n\000e\000r\000g\000y}{chapter.1}% 5
\BOOKMARK [2][-]{subsection.1.3.1}{\376\377\000R\000e\000v\000e\000r\000s\000i\000b\000l\000e\000\040\000a\000n\000d\000\040\000I\000r\000r\000e\000v\000e\000r\000s\000i\000b\000l\000e\000\040\000P\000r\000o\000c\000e\000s\000s\000e\000s}{section.1.3}% 6
\BOOKMARK [2][-]{subsection.1.3.2}{\376\377\000H\000e\000a\000t\000\040\000C\000a\000p\000a\000c\000i\000t\000i\000e\000s}{section.1.3}% 7
\BOOKMARK [1][-]{section.1.4}{\376\377\000T\000h\000e\000r\000m\000o\000d\000y\000n\000a\000m\000i\000c\000\040\000F\000u\000n\000c\000t\000i\000o\000n\000s}{chapter.1}% 8
\BOOKMARK [1][-]{section.1.5}{\376\377\000E\000x\000e\000r\000c\000i\000s\000e\000s}{chapter.1}% 9
\BOOKMARK [0][-]{chapter.2}{\376\377\000E\000n\000t\000r\000o\000p\000y}{}% 10
\BOOKMARK [1][-]{section.2.1}{\376\377\000T\000h\000e\000\040\000C\000a\000r\000n\000o\000t\000\040\000C\000y\000c\000l\000e}{chapter.2}% 11
\BOOKMARK [1][-]{section.2.2}{\376\377\000D\000e\000f\000i\000n\000i\000t\000i\000o\000n\000\040\000o\000f\000\040\000E\000n\000t\000r\000o\000p\000y}{chapter.2}% 12
\BOOKMARK [1][-]{section.2.3}{\376\377\000T\000h\000e\000\040\000L\000a\000w\000\040\000o\000f\000\040\000I\000n\000c\000r\000e\000a\000s\000e\000\040\000o\000f\000\040\000E\000n\000t\000r\000o\000p\000y}{chapter.2}% 13
\BOOKMARK [1][-]{section.2.4}{\376\377\000A\000p\000p\000r\000o\000a\000c\000h\000\040\000t\000o\000\040\000E\000q\000u\000i\000l\000i\000b\000r\000i\000u\000m}{chapter.2}% 14
\BOOKMARK [1][-]{section.2.5}{\376\377\000E\000x\000e\000r\000c\000i\000s\000e\000s}{chapter.2}% 15
\BOOKMARK [0][-]{chapter.3}{\376\377\000P\000r\000o\000b\000a\000b\000i\000l\000i\000t\000y\000\040\000a\000n\000d\000\040\000S\000t\000a\000t\000i\000s\000t\000i\000c\000s}{}% 16
\BOOKMARK [1][-]{section.3.1}{\376\377\000A\000x\000i\000o\000m\000s\000\040\000o\000f\000\040\000P\000r\000o\000b\000a\000b\000i\000l\000i\000t\000y\000\040\000T\000h\000e\000o\000r\000y}{chapter.3}% 17
\BOOKMARK [1][-]{section.3.2}{\376\377\000C\000o\000u\000n\000t\000i\000n\000g\000\040\000t\000h\000e\000\040\000N\000u\000m\000b\000e\000r\000\040\000o\000f\000\040\000E\000v\000e\000n\000t\000s}{chapter.3}% 18
\BOOKMARK [1][-]{section.3.3}{\376\377\000D\000i\000s\000t\000r\000i\000b\000u\000t\000i\000o\000n\000s}{chapter.3}% 19
\BOOKMARK [0][-]{chapter.4}{\376\377\000I\000d\000e\000a\000s\000\040\000o\000f\000\040\000S\000t\000a\000t\000i\000s\000t\000i\000c\000a\000l\000\040\000M\000e\000c\000h\000a\000n\000i\000c\000s}{}% 20
\BOOKMARK [1][-]{section.4.1}{\376\377\000A\000v\000e\000r\000a\000g\000e\000s}{chapter.4}% 21
\BOOKMARK [1][-]{section.4.2}{\376\377\000R\000e\000v\000i\000s\000i\000t\000i\000n\000g\000\040\000E\000n\000t\000r\000o\000p\000y}{chapter.4}% 22
\BOOKMARK [1][-]{section.4.3}{\376\377\000T\000h\000e\000\040\000S\000e\000c\000o\000n\000d\000\040\000L\000a\000w\000:\000\040\000M\000i\000c\000r\000o\000s\000c\000o\000p\000i\000c\000\040\000O\000r\000i\000g\000i\000n\000s}{chapter.4}% 23
\BOOKMARK [1][-]{section.4.4}{\376\377\000E\000x\000e\000r\000c\000i\000s\000e\000s}{chapter.4}% 24
\BOOKMARK [0][-]{chapter.5}{\376\377\000T\000h\000e\000\040\000C\000a\000n\000o\000n\000i\000c\000a\000l\000\040\000E\000n\000s\000e\000m\000b\000l\000e}{}% 25
\BOOKMARK [1][-]{section.5.1}{\376\377\000E\000n\000t\000r\000o\000p\000y\000\040\000f\000o\000r\000\040\000a\000\040\000S\000y\000s\000t\000e\000m\000\040\000i\000n\000\040\000a\000\040\000\040\000C\000a\000n\000o\000n\000i\000c\000a\000l\000\040\000E\000n\000s\000e\000m\000b\000l\000e}{chapter.5}% 26
\BOOKMARK [1][-]{section.5.2}{\376\377\000E\000x\000a\000m\000p\000l\000e\000s}{chapter.5}% 27
\BOOKMARK [2][-]{subsection.5.2.1}{\376\377\000T\000w\000o\000\040\000L\000e\000v\000e\000l\000\040\000S\000y\000s\000t\000e\000m}{section.5.2}% 28
\BOOKMARK [2][-]{subsection.5.2.2}{\376\377\000P\000a\000r\000t\000i\000c\000l\000e\000\040\000i\000n\000\040\000a\000\040\0001\000-\000D\000\040\000a\000n\000d\000\040\000a\000\040\0003\000-\000D\000\040\000B\000o\000x}{section.5.2}% 29
\BOOKMARK [1][-]{section.5.3}{\376\377\000F\000i\000r\000s\000t\000\040\000L\000a\000w\000\040\000o\000f\000\040\000T\000h\000e\000r\000m\000o\000d\000y\000n\000a\000m\000i\000c\000s}{chapter.5}% 30
\BOOKMARK [1][-]{section.5.4}{\376\377\000R\000o\000t\000a\000t\000i\000o\000n\000a\000l\000\040\000a\000n\000d\000\040\000V\000i\000b\000r\000a\000t\000i\000o\000n\000a\000l\000\040\000\040\000D\000e\000g\000r\000e\000e\000s\000\040\000o\000f\000\040\000F\000r\000e\000e\000d\000o\000m}{chapter.5}% 31
\BOOKMARK [2][-]{subsection.5.4.1}{\376\377\000P\000h\000a\000s\000e\000\040\000S\000p\000a\000c\000e\000\040\000R\000e\000p\000r\000e\000s\000e\000n\000t\000a\000t\000i\000o\000n}{section.5.4}% 32
\BOOKMARK [1][-]{section.5.5}{\376\377\000E\000q\000u\000i\000p\000a\000r\000t\000i\000t\000i\000o\000n\000\040\000T\000h\000e\000o\000r\000e\000m}{chapter.5}% 33
\BOOKMARK [1][-]{section.5.6}{\376\377\000E\000x\000e\000r\000c\000i\000s\000e\000s}{chapter.5}% 34
\BOOKMARK [0][-]{chapter.6}{\376\377\000I\000d\000e\000n\000t\000i\000c\000a\000l\000\040\000P\000a\000r\000t\000i\000c\000l\000e\000s}{}% 35
\BOOKMARK [1][-]{section.6.1}{\376\377\000B\000o\000s\000o\000n\000s}{chapter.6}% 36
\BOOKMARK [1][-]{section.6.2}{\376\377\000F\000e\000r\000m\000i\000o\000n\000s}{chapter.6}% 37
\BOOKMARK [1][-]{section.6.3}{\376\377\000P\000a\000r\000t\000i\000t\000i\000o\000n\000\040\000F\000u\000n\000c\000t\000i\000o\000n}{chapter.6}% 38
\BOOKMARK [1][-]{section.6.4}{\376\377\000S\000p\000i\000n\000\040\000D\000e\000g\000r\000e\000e\000s\000\040\000o\000f\000\040\000F\000r\000e\000e\000d\000o\000m}{chapter.6}% 39
\BOOKMARK [0][-]{chapter.7}{\376\377\000M\000a\000x\000w\000e\000l\000l\000\040\000D\000i\000s\000t\000r\000i\000b\000u\000t\000i\000o\000n\000\040\000o\000f\000\040\000S\000p\000e\000e\000d\000s}{}% 40
\BOOKMARK [1][-]{section.7.1}{\376\377\000C\000l\000a\000s\000s\000i\000c\000a\000l\000\040\000G\000a\000s\000\040\000V\000e\000l\000o\000c\000i\000t\000y\000\040\000D\000i\000s\000t\000r\000i\000b\000u\000t\000i\000o\000n}{chapter.7}% 41
\BOOKMARK [0][-]{chapter.8}{\376\377\000P\000l\000a\000n\000c\000k\000'\000s\000\040\000D\000i\000s\000t\000r\000i\000b\000u\000t\000i\000o\000n}{}% 42
\BOOKMARK [1][-]{section.8.1}{\376\377\000T\000h\000e\000r\000m\000o\000d\000y\000n\000a\000m\000i\000c\000s\000\040\000o\000f\000\040\000t\000h\000e\000\040\000\040\000P\000l\000a\000n\000c\000k\000\040\000D\000i\000s\000t\000r\000i\000b\000u\000t\000i\000o\000n}{chapter.8}% 43
\BOOKMARK [1][-]{section.8.2}{\376\377\000E\000i\000n\000s\000t\000e\000i\000n\000'\000s\000\040\000M\000o\000d\000e\000l\000\040\000o\000f\000\040\000V\000i\000b\000r\000a\000t\000i\000o\000n\000s\000\040\000i\000n\000\040\000S\000o\000l\000i\000d\000s}{chapter.8}% 44
\BOOKMARK [1][-]{section.8.3}{\376\377\000D\000e\000b\000y\000e\000'\000s\000\040\000M\000o\000d\000e\000l\000\040\000o\000f\000\040\000V\000i\000b\000r\000a\000t\000i\000o\000n\000s\000\040\000i\000n\000\040\000S\000o\000l\000i\000d\000s}{chapter.8}% 45
\BOOKMARK [1][-]{section.8.4}{\376\377\000S\000o\000l\000i\000d\000s\000\040\000a\000n\000d\000\040\000V\000a\000p\000o\000u\000r\000s\000\040\000i\000n\000\040\000E\000q\000u\000i\000l\000i\000b\000r\000i\000u\000m}{chapter.8}% 46
\BOOKMARK [0][-]{chapter.9}{\376\377\000S\000y\000s\000t\000e\000m\000s\000\040\000w\000i\000t\000h\000\040\000V\000a\000r\000i\000a\000b\000l\000e\000\040\000N\000u\000m\000b\000e\000r\000s\000\040\000\040\000o\000f\000\040\000P\000a\000r\000t\000i\000c\000l\000e\000s}{}% 47
\BOOKMARK [1][-]{section.9.1}{\376\377\000M\000e\000a\000s\000u\000r\000i\000n\000g\000\040\000a\000n\000d\000\040\000C\000a\000l\000c\000u\000l\000a\000t\000i\000n\000g\000\040\000\040\000t\000h\000e\000\040\000C\000h\000e\000m\000i\000c\000a\000l\000\040\000P\000o\000t\000e\000n\000t\000i\000a\000l}{chapter.9}% 48
\BOOKMARK [1][-]{section.9.2}{\376\377\000G\000r\000a\000n\000d\000\040\000C\000a\000n\000o\000n\000i\000c\000a\000l\000\040\000E\000n\000s\000e\000m\000b\000l\000e}{chapter.9}% 49
\BOOKMARK [1][-]{section.9.3}{\376\377\000T\000h\000e\000\040\000G\000r\000a\000n\000d\000\040\000P\000o\000t\000e\000n\000t\000i\000a\000l}{chapter.9}% 50
\BOOKMARK [1][-]{section.9.4}{\376\377\000E\000x\000e\000r\000c\000i\000s\000e\000s}{chapter.9}% 51
\BOOKMARK [0][-]{chapter.10}{\376\377\000F\000e\000r\000m\000i\000\040\000a\000n\000d\000\040\000B\000o\000s\000e\000\040\000P\000a\000r\000t\000i\000c\000l\000e\000s}{}% 52
\BOOKMARK [1][-]{section.10.1}{\376\377\000F\000e\000r\000m\000i\000o\000n\000s}{chapter.10}% 53
\BOOKMARK [1][-]{section.10.2}{\376\377\000B\000o\000s\000o\000n\000s}{chapter.10}% 54
\BOOKMARK [1][-]{section.10.3}{\376\377\000F\000e\000r\000m\000i\000\040\000G\000a\000s}{chapter.10}% 55
\BOOKMARK [1][-]{section.10.4}{\376\377\000N\000o\000n\000-\000I\000n\000t\000e\000r\000a\000c\000t\000i\000n\000g\000\040\000B\000o\000s\000e\000\040\000G\000a\000s}{chapter.10}% 56
\BOOKMARK [1][-]{section.10.5}{\376\377\000E\000x\000e\000r\000c\000i\000s\000e\000s}{chapter.10}% 57
\BOOKMARK [0][-]{chapter.11}{\376\377\000P\000h\000a\000s\000e\000\040\000T\000r\000a\000n\000s\000i\000t\000i\000o\000n\000s}{}% 58
\BOOKMARK [1][-]{section.11.1}{\376\377\000T\000h\000e\000r\000m\000o\000d\000y\000n\000a\000m\000i\000c\000\040\000P\000o\000t\000e\000n\000t\000i\000a\000l}{chapter.11}% 59
\BOOKMARK [1][-]{section.11.2}{\376\377\000C\000l\000a\000p\000e\000y\000r\000o\000n\000\040\000E\000q\000u\000a\000t\000i\000o\000n}{chapter.11}% 60
\BOOKMARK [1][-]{section.11.3}{\376\377\000P\000h\000a\000s\000e\000\040\000S\000e\000p\000a\000r\000a\000t\000i\000o\000n}{chapter.11}% 61
\BOOKMARK [0][-]{section*.58}{\376\377\000A\000p\000p\000e\000n\000d\000i\000c\000e\000s}{}% 62
\BOOKMARK [0][-]{appendix.a.A}{\376\377\000P\000r\000o\000o\000f\000\040\000o\000f\000\040\000S\000t\000i\000r\000l\000i\000n\000g\000'\000s\000\040\000A\000p\000p\000r\000o\000x\000i\000m\000a\000t\000i\000o\000n}{}% 63
\BOOKMARK [0][-]{appendix.a.B}{\376\377\000E\000u\000l\000e\000r\000'\000s\000\040\000T\000h\000e\000o\000r\000e\000m\000\040\000f\000o\000r\000\040\000H\000o\000m\000o\000g\000e\000n\000o\000u\000s\000\040\000F\000u\000n\000c\000t\000i\000o\000n\000s}{}% 64
\BOOKMARK [0][-]{appendix.a.C}{\376\377\000B\000l\000a\000c\000k\000\040\000H\000o\000l\000e\000\040\000T\000h\000e\000r\000m\000o\000d\000y\000n\000a\000m\000i\000c\000s}{}% 65
\BOOKMARK [0][-]{equation.a.C.0.15}{\376\377\000R\000e\000f\000e\000r\000e\000n\000c\000e\000s}{}% 66
